#
# There is insufficient memory for the Java Runtime Environment to continue.
# Native memory allocation (mmap) failed to map 65536 bytes for Failed to commit metaspace.
# Possible reasons:
#   The system is out of physical RAM or swap space
#   The process is running with CompressedOops enabled, and the Java Heap may be blocking the growth of the native heap
# Possible solutions:
#   Reduce memory load on the system
#   Increase physical memory or swap space
#   Check if swap backing store is full
#   Decrease Java heap size (-Xmx/-Xms)
#   Decrease number of Java threads
#   Decrease Java thread stack sizes (-Xss)
#   Set larger code cache with -XX:ReservedCodeCacheSize=
#   JVM is running with Zero Based Compressed Oops mode in which the Java heap is
#     placed in the first 32GB address space. The Java Heap base address is the
#     maximum limit for the native heap growth. Please use -XX:HeapBaseMinAddress
#     to set the Java Heap base and to place the Java Heap above 32GB virtual address.
# This output file may be truncated or incomplete.
#
#  Out of Memory Error (virtualSpaceNode.cpp:110), pid=6924, tid=31588
#
# JRE version: OpenJDK Runtime Environment JBR-17.0.3+7-469.37-jcef (17.0.3+7) (build 17.0.3+7-b469.37)
# Java VM: OpenJDK 64-Bit Server VM JBR-17.0.3+7-469.37-jcef (17.0.3+7-b469.37, mixed mode, tiered, compressed oops, compressed class ptrs, g1 gc, windows-amd64)
# No core dump will be written. Minidumps are not enabled by default on client versions of Windows
#

---------------  S U M M A R Y ------------

Command Line: git4idea.http.GitAskPassApp Password for 'https://1051727403@qq.com@gitee.com': 

Host: AMD Ryzen 7 4800H with Radeon Graphics         , 16 cores, 15G,  Windows 10 , 64 bit Build 19041 (10.0.19041.3031)
Time: Mon Jun 26 18:59:11 2023  Windows 10 , 64 bit Build 19041 (10.0.19041.3031) elapsed time: 0.085801 seconds (0d 0h 0m 0s)

---------------  T H R E A D  ---------------

Current thread (0x000002c083798f70):  JavaThread "main" [_thread_in_vm, id=31588, stack(0x000000cd30b00000,0x000000cd30c00000)]

Stack: [0x000000cd30b00000,0x000000cd30c00000]
Native frames: (J=compiled Java code, j=interpreted, Vv=VM code, C=native code)
V  [jvm.dll+0x681f8a]
V  [jvm.dll+0x83e374]
V  [jvm.dll+0x83fb1e]
V  [jvm.dll+0x840183]
V  [jvm.dll+0x2492a5]
V  [jvm.dll+0x83a3cb]
V  [jvm.dll+0x626586]
V  [jvm.dll+0x6265ea]
V  [jvm.dll+0x628dfa]
V  [jvm.dll+0x626f26]
V  [jvm.dll+0x23d16f]
V  [jvm.dll+0x630d75]
V  [jvm.dll+0x1ed1db]
V  [jvm.dll+0x1ed715]
V  [jvm.dll+0x1ee034]
V  [jvm.dll+0x1e357c]
V  [jvm.dll+0x546dbd]
V  [jvm.dll+0x1f3e9b]
V  [jvm.dll+0x7b837b]
V  [jvm.dll+0x7b97c2]
V  [jvm.dll+0x7b9af8]
V  [jvm.dll+0x240f1e]
V  [jvm.dll+0x24116f]
V  [jvm.dll+0x564bd8]
V  [jvm.dll+0x567ad0]
V  [jvm.dll+0x387cb7]
V  [jvm.dll+0x38730f]
C  0x000002c086f0a60c

Java frames: (J=compiled Java code, j=interpreted, Vv=VM code)
j  jdk.internal.module.ModuleBootstrap.boot2()Ljava/lang/ModuleLayer;+1200 java.base@17.0.3
j  jdk.internal.module.ModuleBootstrap.boot()Ljava/lang/ModuleLayer;+64 java.base@17.0.3
j  java.lang.System.initPhase2(ZZ)I+0 java.base@17.0.3
v  ~StubRoutines::call_stub

---------------  P R O C E S S  ---------------

Threads class SMR info:
_java_thread_list=0x000002c0a280bdc0, length=10, elements={
0x000002c083798f70, 0x000002c0a343bac0, 0x000002c0a343d740, 0x000002c0a3490d40,
0x000002c0a3492610, 0x000002c0a3492ed0, 0x000002c0a3493790, 0x000002c0a34d0f10,
0x000002c0a34d4dc0, 0x000002c0a34d7bb0
}

Java Threads: ( => current thread )
=>0x000002c083798f70 JavaThread "main" [_thread_in_vm, id=31588, stack(0x000000cd30b00000,0x000000cd30c00000)]
  0x000002c0a343bac0 JavaThread "Reference Handler" daemon [_thread_blocked, id=18484, stack(0x000000cd31200000,0x000000cd31300000)]
  0x000002c0a343d740 JavaThread "Finalizer" daemon [_thread_blocked, id=25956, stack(0x000000cd31300000,0x000000cd31400000)]
  0x000002c0a3490d40 JavaThread "Signal Dispatcher" daemon [_thread_blocked, id=31216, stack(0x000000cd31400000,0x000000cd31500000)]
  0x000002c0a3492610 JavaThread "Attach Listener" daemon [_thread_blocked, id=13848, stack(0x000000cd31500000,0x000000cd31600000)]
  0x000002c0a3492ed0 JavaThread "Service Thread" daemon [_thread_blocked, id=26320, stack(0x000000cd31600000,0x000000cd31700000)]
  0x000002c0a3493790 JavaThread "Monitor Deflation Thread" daemon [_thread_blocked, id=12856, stack(0x000000cd31700000,0x000000cd31800000)]
  0x000002c0a34d0f10 JavaThread "C2 CompilerThread0" daemon [_thread_blocked, id=15892, stack(0x000000cd31800000,0x000000cd31900000)]
  0x000002c0a34d4dc0 JavaThread "C1 CompilerThread0" daemon [_thread_in_vm, id=21172, stack(0x000000cd31900000,0x000000cd31a00000)]
  0x000002c0a34d7bb0 JavaThread "Sweeper thread" daemon [_thread_blocked, id=26972, stack(0x000000cd31a00000,0x000000cd31b00000)]

Other Threads:
  0x000002c0a34664f0 VMThread "VM Thread" [stack: 0x000000cd31100000,0x000000cd31200000] [id=13184]
  0x000002c083805050 GCTaskThread "GC Thread#0" [stack: 0x000000cd30c00000,0x000000cd30d00000] [id=6876]
  0x000002c083815590 ConcurrentGCThread "G1 Main Marker" [stack: 0x000000cd30d00000,0x000000cd30e00000] [id=17528]
  0x000002c083818650 ConcurrentGCThread "G1 Conc#0" [stack: 0x000000cd30e00000,0x000000cd30f00000] [id=11692]
  0x000002c08385eb80 ConcurrentGCThread "G1 Refine#0" [stack: 0x000000cd30f00000,0x000000cd31000000] [id=8880]
  0x000002c0a280a740 ConcurrentGCThread "G1 Service" [stack: 0x000000cd31000000,0x000000cd31100000] [id=13992]

Threads with active compile tasks:
C1 CompilerThread0      111   42       3       java.util.concurrent.ConcurrentHashMap::addCount (280 bytes)

VM state: not at safepoint (normal execution)

VM Mutex/Monitor currently owned by a thread:  ([mutex/lock_event])
[0x000002c083793c00] Metaspace_lock - owner thread: 0x000002c083798f70
[0x000002c083794d30] MultiArray_lock - owner thread: 0x000002c0a34d4dc0

Heap address: 0x000000070a000000, size: 3936 MB, Compressed Oops mode: Zero based, Oop shift amount: 3

CDS archive(s) not mapped
Compressed class space mapped at: 0x0000000800000000-0x0000000840000000, reserved size: 1073741824
Narrow klass base: 0x0000000800000000, Narrow klass shift: 0, Narrow klass range: 0x40000000

GC Precious Log:
 CPUs: 16 total, 16 available
 Memory: 15741M
 Large Page Support: Disabled
 NUMA Support: Disabled
 Compressed Oops: Enabled (Zero based)
 Heap Region Size: 2M
 Heap Min Capacity: 8M
 Heap Initial Capacity: 246M
 Heap Max Capacity: 3936M
 Pre-touch: Disabled
 Parallel Workers: 13
 Concurrent Workers: 3
 Concurrent Refinement Workers: 13
 Periodic GC: Disabled

Heap:
 garbage-first heap   total 251904K, used 0K [0x000000070a000000, 0x0000000800000000)
  region size 2048K, 1 young (2048K), 0 survivors (0K)
 Metaspace       used 3622K, committed 3648K, reserved 1056768K
  class space    used 294K, committed 320K, reserved 1048576K

Heap Regions: E=young(eden), S=young(survivor), O=old, HS=humongous(starts), HC=humongous(continues), CS=collection set, F=free, OA=open archive, CA=closed archive, TAMS=top-at-mark-start (previous, next)
|   0|0x000000070a000000, 0x000000070a000000, 0x000000070a200000|  0%| F|  |TAMS 0x000000070a000000, 0x000000070a000000| Untracked 
|   1|0x000000070a200000, 0x000000070a200000, 0x000000070a400000|  0%| F|  |TAMS 0x000000070a200000, 0x000000070a200000| Untracked 
|   2|0x000000070a400000, 0x000000070a400000, 0x000000070a600000|  0%| F|  |TAMS 0x000000070a400000, 0x000000070a400000| Untracked 
|   3|0x000000070a600000, 0x000000070a600000, 0x000000070a800000|  0%| F|  |TAMS 0x000000070a600000, 0x000000070a600000| Untracked 
|   4|0x000000070a800000, 0x000000070a800000, 0x000000070aa00000|  0%| F|  |TAMS 0x000000070a800000, 0x000000070a800000| Untracked 
|   5|0x000000070aa00000, 0x000000070aa00000, 0x000000070ac00000|  0%| F|  |TAMS 0x000000070aa00000, 0x000000070aa00000| Untracked 
|   6|0x000000070ac00000, 0x000000070ac00000, 0x000000070ae00000|  0%| F|  |TAMS 0x000000070ac00000, 0x000000070ac00000| Untracked 
|   7|0x000000070ae00000, 0x000000070ae00000, 0x000000070b000000|  0%| F|  |TAMS 0x000000070ae00000, 0x000000070ae00000| Untracked 
|   8|0x000000070b000000, 0x000000070b000000, 0x000000070b200000|  0%| F|  |TAMS 0x000000070b000000, 0x000000070b000000| Untracked 
|   9|0x000000070b200000, 0x000000070b200000, 0x000000070b400000|  0%| F|  |TAMS 0x000000070b200000, 0x000000070b200000| Untracked 
|  10|0x000000070b400000, 0x000000070b400000, 0x000000070b600000|  0%| F|  |TAMS 0x000000070b400000, 0x000000070b400000| Untracked 
|  11|0x000000070b600000, 0x000000070b600000, 0x000000070b800000|  0%| F|  |TAMS 0x000000070b600000, 0x000000070b600000| Untracked 
|  12|0x000000070b800000, 0x000000070b800000, 0x000000070ba00000|  0%| F|  |TAMS 0x000000070b800000, 0x000000070b800000| Untracked 
|  13|0x000000070ba00000, 0x000000070ba00000, 0x000000070bc00000|  0%| F|  |TAMS 0x000000070ba00000, 0x000000070ba00000| Untracked 
|  14|0x000000070bc00000, 0x000000070bc00000, 0x000000070be00000|  0%| F|  |TAMS 0x000000070bc00000, 0x000000070bc00000| Untracked 
|  15|0x000000070be00000, 0x000000070be00000, 0x000000070c000000|  0%| F|  |TAMS 0x000000070be00000, 0x000000070be00000| Untracked 
|  16|0x000000070c000000, 0x000000070c000000, 0x000000070c200000|  0%| F|  |TAMS 0x000000070c000000, 0x000000070c000000| Untracked 
|  17|0x000000070c200000, 0x000000070c200000, 0x000000070c400000|  0%| F|  |TAMS 0x000000070c200000, 0x000000070c200000| Untracked 
|  18|0x000000070c400000, 0x000000070c400000, 0x000000070c600000|  0%| F|  |TAMS 0x000000070c400000, 0x000000070c400000| Untracked 
|  19|0x000000070c600000, 0x000000070c600000, 0x000000070c800000|  0%| F|  |TAMS 0x000000070c600000, 0x000000070c600000| Untracked 
|  20|0x000000070c800000, 0x000000070c800000, 0x000000070ca00000|  0%| F|  |TAMS 0x000000070c800000, 0x000000070c800000| Untracked 
|  21|0x000000070ca00000, 0x000000070ca00000, 0x000000070cc00000|  0%| F|  |TAMS 0x000000070ca00000, 0x000000070ca00000| Untracked 
|  22|0x000000070cc00000, 0x000000070cc00000, 0x000000070ce00000|  0%| F|  |TAMS 0x000000070cc00000, 0x000000070cc00000| Untracked 
|  23|0x000000070ce00000, 0x000000070ce00000, 0x000000070d000000|  0%| F|  |TAMS 0x000000070ce00000, 0x000000070ce00000| Untracked 
|  24|0x000000070d000000, 0x000000070d000000, 0x000000070d200000|  0%| F|  |TAMS 0x000000070d000000, 0x000000070d000000| Untracked 
|  25|0x000000070d200000, 0x000000070d200000, 0x000000070d400000|  0%| F|  |TAMS 0x000000070d200000, 0x000000070d200000| Untracked 
|  26|0x000000070d400000, 0x000000070d400000, 0x000000070d600000|  0%| F|  |TAMS 0x000000070d400000, 0x000000070d400000| Untracked 
|  27|0x000000070d600000, 0x000000070d600000, 0x000000070d800000|  0%| F|  |TAMS 0x000000070d600000, 0x000000070d600000| Untracked 
|  28|0x000000070d800000, 0x000000070d800000, 0x000000070da00000|  0%| F|  |TAMS 0x000000070d800000, 0x000000070d800000| Untracked 
|  29|0x000000070da00000, 0x000000070da00000, 0x000000070dc00000|  0%| F|  |TAMS 0x000000070da00000, 0x000000070da00000| Untracked 
|  30|0x000000070dc00000, 0x000000070dc00000, 0x000000070de00000|  0%| F|  |TAMS 0x000000070dc00000, 0x000000070dc00000| Untracked 
|  31|0x000000070de00000, 0x000000070de00000, 0x000000070e000000|  0%| F|  |TAMS 0x000000070de00000, 0x000000070de00000| Untracked 
|  32|0x000000070e000000, 0x000000070e000000, 0x000000070e200000|  0%| F|  |TAMS 0x000000070e000000, 0x000000070e000000| Untracked 
|  33|0x000000070e200000, 0x000000070e200000, 0x000000070e400000|  0%| F|  |TAMS 0x000000070e200000, 0x000000070e200000| Untracked 
|  34|0x000000070e400000, 0x000000070e400000, 0x000000070e600000|  0%| F|  |TAMS 0x000000070e400000, 0x000000070e400000| Untracked 
|  35|0x000000070e600000, 0x000000070e600000, 0x000000070e800000|  0%| F|  |TAMS 0x000000070e600000, 0x000000070e600000| Untracked 
|  36|0x000000070e800000, 0x000000070e800000, 0x000000070ea00000|  0%| F|  |TAMS 0x000000070e800000, 0x000000070e800000| Untracked 
|  37|0x000000070ea00000, 0x000000070ea00000, 0x000000070ec00000|  0%| F|  |TAMS 0x000000070ea00000, 0x000000070ea00000| Untracked 
|  38|0x000000070ec00000, 0x000000070ec00000, 0x000000070ee00000|  0%| F|  |TAMS 0x000000070ec00000, 0x000000070ec00000| Untracked 
|  39|0x000000070ee00000, 0x000000070ee00000, 0x000000070f000000|  0%| F|  |TAMS 0x000000070ee00000, 0x000000070ee00000| Untracked 
|  40|0x000000070f000000, 0x000000070f000000, 0x000000070f200000|  0%| F|  |TAMS 0x000000070f000000, 0x000000070f000000| Untracked 
|  41|0x000000070f200000, 0x000000070f200000, 0x000000070f400000|  0%| F|  |TAMS 0x000000070f200000, 0x000000070f200000| Untracked 
|  42|0x000000070f400000, 0x000000070f400000, 0x000000070f600000|  0%| F|  |TAMS 0x000000070f400000, 0x000000070f400000| Untracked 
|  43|0x000000070f600000, 0x000000070f600000, 0x000000070f800000|  0%| F|  |TAMS 0x000000070f600000, 0x000000070f600000| Untracked 
|  44|0x000000070f800000, 0x000000070f800000, 0x000000070fa00000|  0%| F|  |TAMS 0x000000070f800000, 0x000000070f800000| Untracked 
|  45|0x000000070fa00000, 0x000000070fa00000, 0x000000070fc00000|  0%| F|  |TAMS 0x000000070fa00000, 0x000000070fa00000| Untracked 
|  46|0x000000070fc00000, 0x000000070fc00000, 0x000000070fe00000|  0%| F|  |TAMS 0x000000070fc00000, 0x000000070fc00000| Untracked 
|  47|0x000000070fe00000, 0x000000070fe00000, 0x0000000710000000|  0%| F|  |TAMS 0x000000070fe00000, 0x000000070fe00000| Untracked 
|  48|0x0000000710000000, 0x0000000710000000, 0x0000000710200000|  0%| F|  |TAMS 0x0000000710000000, 0x0000000710000000| Untracked 
|  49|0x0000000710200000, 0x0000000710200000, 0x0000000710400000|  0%| F|  |TAMS 0x0000000710200000, 0x0000000710200000| Untracked 
|  50|0x0000000710400000, 0x0000000710400000, 0x0000000710600000|  0%| F|  |TAMS 0x0000000710400000, 0x0000000710400000| Untracked 
|  51|0x0000000710600000, 0x0000000710600000, 0x0000000710800000|  0%| F|  |TAMS 0x0000000710600000, 0x0000000710600000| Untracked 
|  52|0x0000000710800000, 0x0000000710800000, 0x0000000710a00000|  0%| F|  |TAMS 0x0000000710800000, 0x0000000710800000| Untracked 
|  53|0x0000000710a00000, 0x0000000710a00000, 0x0000000710c00000|  0%| F|  |TAMS 0x0000000710a00000, 0x0000000710a00000| Untracked 
|  54|0x0000000710c00000, 0x0000000710c00000, 0x0000000710e00000|  0%| F|  |TAMS 0x0000000710c00000, 0x0000000710c00000| Untracked 
|  55|0x0000000710e00000, 0x0000000710e00000, 0x0000000711000000|  0%| F|  |TAMS 0x0000000710e00000, 0x0000000710e00000| Untracked 
|  56|0x0000000711000000, 0x0000000711000000, 0x0000000711200000|  0%| F|  |TAMS 0x0000000711000000, 0x0000000711000000| Untracked 
|  57|0x0000000711200000, 0x0000000711200000, 0x0000000711400000|  0%| F|  |TAMS 0x0000000711200000, 0x0000000711200000| Untracked 
|  58|0x0000000711400000, 0x0000000711400000, 0x0000000711600000|  0%| F|  |TAMS 0x0000000711400000, 0x0000000711400000| Untracked 
|  59|0x0000000711600000, 0x0000000711600000, 0x0000000711800000|  0%| F|  |TAMS 0x0000000711600000, 0x0000000711600000| Untracked 
|  60|0x0000000711800000, 0x0000000711800000, 0x0000000711a00000|  0%| F|  |TAMS 0x0000000711800000, 0x0000000711800000| Untracked 
|  61|0x0000000711a00000, 0x0000000711a00000, 0x0000000711c00000|  0%| F|  |TAMS 0x0000000711a00000, 0x0000000711a00000| Untracked 
|  62|0x0000000711c00000, 0x0000000711c00000, 0x0000000711e00000|  0%| F|  |TAMS 0x0000000711c00000, 0x0000000711c00000| Untracked 
|  63|0x0000000711e00000, 0x0000000711e00000, 0x0000000712000000|  0%| F|  |TAMS 0x0000000711e00000, 0x0000000711e00000| Untracked 
|  64|0x0000000712000000, 0x0000000712000000, 0x0000000712200000|  0%| F|  |TAMS 0x0000000712000000, 0x0000000712000000| Untracked 
|  65|0x0000000712200000, 0x0000000712200000, 0x0000000712400000|  0%| F|  |TAMS 0x0000000712200000, 0x0000000712200000| Untracked 
|  66|0x0000000712400000, 0x0000000712400000, 0x0000000712600000|  0%| F|  |TAMS 0x0000000712400000, 0x0000000712400000| Untracked 
|  67|0x0000000712600000, 0x0000000712600000, 0x0000000712800000|  0%| F|  |TAMS 0x0000000712600000, 0x0000000712600000| Untracked 
|  68|0x0000000712800000, 0x0000000712800000, 0x0000000712a00000|  0%| F|  |TAMS 0x0000000712800000, 0x0000000712800000| Untracked 
|  69|0x0000000712a00000, 0x0000000712a00000, 0x0000000712c00000|  0%| F|  |TAMS 0x0000000712a00000, 0x0000000712a00000| Untracked 
|  70|0x0000000712c00000, 0x0000000712c00000, 0x0000000712e00000|  0%| F|  |TAMS 0x0000000712c00000, 0x0000000712c00000| Untracked 
|  71|0x0000000712e00000, 0x0000000712e00000, 0x0000000713000000|  0%| F|  |TAMS 0x0000000712e00000, 0x0000000712e00000| Untracked 
|  72|0x0000000713000000, 0x0000000713000000, 0x0000000713200000|  0%| F|  |TAMS 0x0000000713000000, 0x0000000713000000| Untracked 
|  73|0x0000000713200000, 0x0000000713200000, 0x0000000713400000|  0%| F|  |TAMS 0x0000000713200000, 0x0000000713200000| Untracked 
|  74|0x0000000713400000, 0x0000000713400000, 0x0000000713600000|  0%| F|  |TAMS 0x0000000713400000, 0x0000000713400000| Untracked 
|  75|0x0000000713600000, 0x0000000713600000, 0x0000000713800000|  0%| F|  |TAMS 0x0000000713600000, 0x0000000713600000| Untracked 
|  76|0x0000000713800000, 0x0000000713800000, 0x0000000713a00000|  0%| F|  |TAMS 0x0000000713800000, 0x0000000713800000| Untracked 
|  77|0x0000000713a00000, 0x0000000713a00000, 0x0000000713c00000|  0%| F|  |TAMS 0x0000000713a00000, 0x0000000713a00000| Untracked 
|  78|0x0000000713c00000, 0x0000000713c00000, 0x0000000713e00000|  0%| F|  |TAMS 0x0000000713c00000, 0x0000000713c00000| Untracked 
|  79|0x0000000713e00000, 0x0000000713e00000, 0x0000000714000000|  0%| F|  |TAMS 0x0000000713e00000, 0x0000000713e00000| Untracked 
|  80|0x0000000714000000, 0x0000000714000000, 0x0000000714200000|  0%| F|  |TAMS 0x0000000714000000, 0x0000000714000000| Untracked 
|  81|0x0000000714200000, 0x0000000714200000, 0x0000000714400000|  0%| F|  |TAMS 0x0000000714200000, 0x0000000714200000| Untracked 
|  82|0x0000000714400000, 0x0000000714400000, 0x0000000714600000|  0%| F|  |TAMS 0x0000000714400000, 0x0000000714400000| Untracked 
|  83|0x0000000714600000, 0x0000000714600000, 0x0000000714800000|  0%| F|  |TAMS 0x0000000714600000, 0x0000000714600000| Untracked 
|  84|0x0000000714800000, 0x0000000714800000, 0x0000000714a00000|  0%| F|  |TAMS 0x0000000714800000, 0x0000000714800000| Untracked 
|  85|0x0000000714a00000, 0x0000000714a00000, 0x0000000714c00000|  0%| F|  |TAMS 0x0000000714a00000, 0x0000000714a00000| Untracked 
|  86|0x0000000714c00000, 0x0000000714c00000, 0x0000000714e00000|  0%| F|  |TAMS 0x0000000714c00000, 0x0000000714c00000| Untracked 
|  87|0x0000000714e00000, 0x0000000714e00000, 0x0000000715000000|  0%| F|  |TAMS 0x0000000714e00000, 0x0000000714e00000| Untracked 
|  88|0x0000000715000000, 0x0000000715000000, 0x0000000715200000|  0%| F|  |TAMS 0x0000000715000000, 0x0000000715000000| Untracked 
|  89|0x0000000715200000, 0x0000000715200000, 0x0000000715400000|  0%| F|  |TAMS 0x0000000715200000, 0x0000000715200000| Untracked 
|  90|0x0000000715400000, 0x0000000715400000, 0x0000000715600000|  0%| F|  |TAMS 0x0000000715400000, 0x0000000715400000| Untracked 
|  91|0x0000000715600000, 0x0000000715600000, 0x0000000715800000|  0%| F|  |TAMS 0x0000000715600000, 0x0000000715600000| Untracked 
|  92|0x0000000715800000, 0x0000000715800000, 0x0000000715a00000|  0%| F|  |TAMS 0x0000000715800000, 0x0000000715800000| Untracked 
|  93|0x0000000715a00000, 0x0000000715a00000, 0x0000000715c00000|  0%| F|  |TAMS 0x0000000715a00000, 0x0000000715a00000| Untracked 
|  94|0x0000000715c00000, 0x0000000715c00000, 0x0000000715e00000|  0%| F|  |TAMS 0x0000000715c00000, 0x0000000715c00000| Untracked 
|  95|0x0000000715e00000, 0x0000000715e00000, 0x0000000716000000|  0%| F|  |TAMS 0x0000000715e00000, 0x0000000715e00000| Untracked 
|  96|0x0000000716000000, 0x0000000716000000, 0x0000000716200000|  0%| F|  |TAMS 0x0000000716000000, 0x0000000716000000| Untracked 
|  97|0x0000000716200000, 0x0000000716200000, 0x0000000716400000|  0%| F|  |TAMS 0x0000000716200000, 0x0000000716200000| Untracked 
|  98|0x0000000716400000, 0x0000000716400000, 0x0000000716600000|  0%| F|  |TAMS 0x0000000716400000, 0x0000000716400000| Untracked 
|  99|0x0000000716600000, 0x0000000716600000, 0x0000000716800000|  0%| F|  |TAMS 0x0000000716600000, 0x0000000716600000| Untracked 
| 100|0x0000000716800000, 0x0000000716800000, 0x0000000716a00000|  0%| F|  |TAMS 0x0000000716800000, 0x0000000716800000| Untracked 
| 101|0x0000000716a00000, 0x0000000716a00000, 0x0000000716c00000|  0%| F|  |TAMS 0x0000000716a00000, 0x0000000716a00000| Untracked 
| 102|0x0000000716c00000, 0x0000000716c00000, 0x0000000716e00000|  0%| F|  |TAMS 0x0000000716c00000, 0x0000000716c00000| Untracked 
| 103|0x0000000716e00000, 0x0000000716e00000, 0x0000000717000000|  0%| F|  |TAMS 0x0000000716e00000, 0x0000000716e00000| Untracked 
| 104|0x0000000717000000, 0x0000000717000000, 0x0000000717200000|  0%| F|  |TAMS 0x0000000717000000, 0x0000000717000000| Untracked 
| 105|0x0000000717200000, 0x0000000717200000, 0x0000000717400000|  0%| F|  |TAMS 0x0000000717200000, 0x0000000717200000| Untracked 
| 106|0x0000000717400000, 0x0000000717400000, 0x0000000717600000|  0%| F|  |TAMS 0x0000000717400000, 0x0000000717400000| Untracked 
| 107|0x0000000717600000, 0x0000000717600000, 0x0000000717800000|  0%| F|  |TAMS 0x0000000717600000, 0x0000000717600000| Untracked 
| 108|0x0000000717800000, 0x0000000717800000, 0x0000000717a00000|  0%| F|  |TAMS 0x0000000717800000, 0x0000000717800000| Untracked 
| 109|0x0000000717a00000, 0x0000000717a00000, 0x0000000717c00000|  0%| F|  |TAMS 0x0000000717a00000, 0x0000000717a00000| Untracked 
| 110|0x0000000717c00000, 0x0000000717c00000, 0x0000000717e00000|  0%| F|  |TAMS 0x0000000717c00000, 0x0000000717c00000| Untracked 
| 111|0x0000000717e00000, 0x0000000717e00000, 0x0000000718000000|  0%| F|  |TAMS 0x0000000717e00000, 0x0000000717e00000| Untracked 
| 112|0x0000000718000000, 0x0000000718000000, 0x0000000718200000|  0%| F|  |TAMS 0x0000000718000000, 0x0000000718000000| Untracked 
| 113|0x0000000718200000, 0x0000000718200000, 0x0000000718400000|  0%| F|  |TAMS 0x0000000718200000, 0x0000000718200000| Untracked 
| 114|0x0000000718400000, 0x0000000718400000, 0x0000000718600000|  0%| F|  |TAMS 0x0000000718400000, 0x0000000718400000| Untracked 
| 115|0x0000000718600000, 0x0000000718600000, 0x0000000718800000|  0%| F|  |TAMS 0x0000000718600000, 0x0000000718600000| Untracked 
| 116|0x0000000718800000, 0x0000000718800000, 0x0000000718a00000|  0%| F|  |TAMS 0x0000000718800000, 0x0000000718800000| Untracked 
| 117|0x0000000718a00000, 0x0000000718a00000, 0x0000000718c00000|  0%| F|  |TAMS 0x0000000718a00000, 0x0000000718a00000| Untracked 
| 118|0x0000000718c00000, 0x0000000718c00000, 0x0000000718e00000|  0%| F|  |TAMS 0x0000000718c00000, 0x0000000718c00000| Untracked 
| 119|0x0000000718e00000, 0x0000000718e00000, 0x0000000719000000|  0%| F|  |TAMS 0x0000000718e00000, 0x0000000718e00000| Untracked 
| 120|0x0000000719000000, 0x0000000719000000, 0x0000000719200000|  0%| F|  |TAMS 0x0000000719000000, 0x0000000719000000| Untracked 
| 121|0x0000000719200000, 0x0000000719200000, 0x0000000719400000|  0%| F|  |TAMS 0x0000000719200000, 0x0000000719200000| Untracked 
| 122|0x0000000719400000, 0x00000007195c2a70, 0x0000000719600000| 88%| E|  |TAMS 0x0000000719400000, 0x0000000719400000| Complete 

Card table byte_map: [0x000002c096f30000,0x000002c0976e0000] _byte_map_base: 0x000002c0936e0000

Marking Bits (Prev, Next): (CMBitMap*) 0x000002c083805660, (CMBitMap*) 0x000002c0838056a0
 Prev Bits: [0x000002c097e90000, 0x000002c09bc10000)
 Next Bits: [0x000002c09bc10000, 0x000002c09f990000)

Polling page: 0x000002c081730000

Metaspace:

Usage:
  Non-class:      3.25 MB used.
      Class:    294.27 KB used.
       Both:      3.54 MB used.

Virtual space:
  Non-class space:        8.00 MB reserved,       3.25 MB ( 41%) committed,  1 nodes.
      Class space:        1.00 GB reserved,     320.00 KB ( <1%) committed,  1 nodes.
             Both:        1.01 GB reserved,       3.56 MB ( <1%) committed. 

Chunk freelists:
   Non-Class:  0 bytes
       Class:  3.62 MB
        Both:  3.62 MB

MaxMetaspaceSize: unlimited
CompressedClassSpaceSize: 1.00 GB
Initial GC threshold: 21.00 MB
Current GC threshold: 21.00 MB
CDS: off
MetaspaceReclaimPolicy: balanced
 - commit_granule_bytes: 65536.
 - commit_granule_words: 8192.
 - virtual_space_node_default_size: 1048576.
 - enlarge_chunks_in_place: 1.
 - new_chunks_are_fully_committed: 0.
 - uncommit_free_chunks: 1.
 - use_allocation_guard: 0.
 - handle_deallocations: 1.


Internal statistics:

num_allocs_failed_limit: 0.
num_arena_births: 2.
num_arena_deaths: 0.
num_vsnodes_births: 2.
num_vsnodes_deaths: 0.
num_space_committed: 57.
num_space_uncommitted: 0.
num_chunks_returned_to_freelist: 0.
num_chunks_taken_from_freelist: 4.
num_chunk_merges: 0.
num_chunk_splits: 1.
num_chunks_enlarged: 0.
num_purges: 0.
num_inconsistent_stats: 0.

CodeHeap 'non-profiled nmethods': size=119168Kb used=8Kb max_used=8Kb free=119160Kb
 bounds [0x000002c08ea90000, 0x000002c08ed00000, 0x000002c095ef0000]
CodeHeap 'profiled nmethods': size=119104Kb used=54Kb max_used=54Kb free=119049Kb
 bounds [0x000002c087640000, 0x000002c0878b0000, 0x000002c08ea90000]
CodeHeap 'non-nmethods': size=7488Kb used=1034Kb max_used=1041Kb free=6453Kb
 bounds [0x000002c086ef0000, 0x000002c087160000, 0x000002c087640000]
 total_blobs=331 nmethods=42 adapters=202
 compilation: enabled
              stopped_count=0, restarted_count=0
 full_count=0

Compilation events (20 events):
Event: 0.081 Thread 0x000002c0a34d4dc0 nmethod 28 0x000002c087647790 code [0x000002c087647920, 0x000002c087647a98]
Event: 0.081 Thread 0x000002c0a34d4dc0   29       3       java.util.concurrent.ConcurrentHashMap::tabAt (22 bytes)
Event: 0.081 Thread 0x000002c0a34d4dc0 nmethod 29 0x000002c087647b10 code [0x000002c087647cc0, 0x000002c087647fb8]
Event: 0.081 Thread 0x000002c0a34d4dc0   33       3       java.util.ImmutableCollections$SetN$SetNIterator::next (90 bytes)
Event: 0.081 Thread 0x000002c0a34d4dc0 nmethod 33 0x000002c087648090 code [0x000002c087648240, 0x000002c087648548]
Event: 0.081 Thread 0x000002c0a34d4dc0   30       3       jdk.internal.misc.Unsafe::getReferenceAcquire (7 bytes)
Event: 0.081 Thread 0x000002c0a34d4dc0 nmethod 30 0x000002c087648690 code [0x000002c087648820, 0x000002c087648998]
Event: 0.081 Thread 0x000002c0a34d4dc0   32       3       java.util.concurrent.ConcurrentHashMap::spread (10 bytes)
Event: 0.081 Thread 0x000002c0a34d4dc0 nmethod 32 0x000002c087648a10 code [0x000002c087648ba0, 0x000002c087648c98]
Event: 0.082 Thread 0x000002c0a34d4dc0   34       1       java.util.KeyValueHolder::getKey (5 bytes)
Event: 0.082 Thread 0x000002c0a34d4dc0 nmethod 34 0x000002c08ea91190 code [0x000002c08ea91320, 0x000002c08ea913f8]
Event: 0.082 Thread 0x000002c0a34d4dc0   35       1       java.util.KeyValueHolder::getValue (5 bytes)
Event: 0.082 Thread 0x000002c0a34d4dc0 nmethod 35 0x000002c08ea91490 code [0x000002c08ea91620, 0x000002c08ea916f8]
Event: 0.082 Thread 0x000002c0a34d4dc0   36       3       java.util.ImmutableCollections$MapN::probe (60 bytes)
Event: 0.082 Thread 0x000002c0a34d4dc0 nmethod 36 0x000002c087648d10 code [0x000002c087648f00, 0x000002c087649478]
Event: 0.082 Thread 0x000002c0a34d4dc0   37       3       java.util.Set::of (68 bytes)
Event: 0.082 Thread 0x000002c0a34d4dc0 nmethod 37 0x000002c087649690 code [0x000002c0876498c0, 0x000002c08764a108]
Event: 0.082 Thread 0x000002c0a34d4dc0   38       3       java.util.KeyValueHolder::<init> (21 bytes)
Event: 0.083 Thread 0x000002c0a34d4dc0 nmethod 38 0x000002c08764a390 code [0x000002c08764a580, 0x000002c08764aa78]
Event: 0.083 Thread 0x000002c0a34d4dc0   40   !   3       java.util.concurrent.ConcurrentHashMap::putVal (432 bytes)

GC Heap History (0 events):
No events

Deoptimization events (0 events):
No events

Classes unloaded (0 events):
No events

Classes redefined (0 events):
No events

Internal exceptions (0 events):
No events

VM Operations (0 events):
No events

Events (20 events):
Event: 0.081 loading class jdk/internal/loader/ClassLoaderValue done
Event: 0.081 loading class jdk/internal/loader/BuiltinClassLoader$LoadedModule
Event: 0.081 loading class jdk/internal/loader/BuiltinClassLoader$LoadedModule done
Event: 0.081 loading class java/lang/module/Configuration
Event: 0.082 loading class java/lang/module/Configuration done
Event: 0.082 loading class java/lang/module/ResolvedModule
Event: 0.082 loading class java/lang/module/ResolvedModule done
Event: 0.082 loading class java/util/AbstractMap$1
Event: 0.082 loading class java/util/AbstractMap$1 done
Event: 0.082 loading class java/util/AbstractMap$1$1
Event: 0.082 loading class java/util/AbstractMap$1$1 done
Event: 0.082 loading class jdk/internal/module/ModuleLoaderMap
Event: 0.082 loading class jdk/internal/module/ModuleLoaderMap done
Event: 0.082 loading class jdk/internal/module/ModuleLoaderMap$Mapper
Event: 0.082 loading class java/util/function/Function
Event: 0.082 loading class java/util/function/Function done
Event: 0.082 loading class jdk/internal/module/ModuleLoaderMap$Mapper done
Event: 0.082 loading class jdk/internal/module/ModuleLoaderMap$Modules
Event: 0.082 loading class jdk/internal/module/ModuleLoaderMap$Modules done
Event: 0.083 loading class java/lang/ModuleLayer


Dynamic libraries:
0x00007ff73cd90000 - 0x00007ff73cd9a000 	D:\JAVA\IntelliJ IDEA 2022.2.1\jbr\bin\java.exe
0x00007ffc63e70000 - 0x00007ffc64068000 	C:\WINDOWS\SYSTEM32\ntdll.dll
0x00007ffc63b20000 - 0x00007ffc63bdf000 	C:\WINDOWS\System32\KERNEL32.DLL
0x00007ffc61b30000 - 0x00007ffc61e26000 	C:\WINDOWS\System32\KERNELBASE.dll
0x00007ffc615d0000 - 0x00007ffc616d0000 	C:\WINDOWS\System32\ucrtbase.dll
0x00007ffc1fb70000 - 0x00007ffc1fb87000 	D:\JAVA\IntelliJ IDEA 2022.2.1\jbr\bin\jli.dll
0x00007ffc53fd0000 - 0x00007ffc53feb000 	D:\JAVA\IntelliJ IDEA 2022.2.1\jbr\bin\VCRUNTIME140.dll
0x00007ffc62790000 - 0x00007ffc6292d000 	C:\WINDOWS\System32\USER32.dll
0x00007ffc61550000 - 0x00007ffc61572000 	C:\WINDOWS\System32\win32u.dll
0x00007ffc53550000 - 0x00007ffc537ea000 	C:\WINDOWS\WinSxS\amd64_microsoft.windows.common-controls_6595b64144ccf1df_6.0.19041.1110_none_60b5254171f9507e\COMCTL32.dll
0x00007ffc62760000 - 0x00007ffc6278c000 	C:\WINDOWS\System32\GDI32.dll
0x00007ffc619a0000 - 0x00007ffc61ab5000 	C:\WINDOWS\System32\gdi32full.dll
0x00007ffc63170000 - 0x00007ffc6320e000 	C:\WINDOWS\System32\msvcrt.dll
0x00007ffc61e30000 - 0x00007ffc61ecd000 	C:\WINDOWS\System32\msvcp_win.dll
0x00007ffc62030000 - 0x00007ffc62060000 	C:\WINDOWS\System32\IMM32.DLL
0x00007ffc5b430000 - 0x00007ffc5b43c000 	D:\JAVA\IntelliJ IDEA 2022.2.1\jbr\bin\vcruntime140_1.dll
0x00007ffc23210000 - 0x00007ffc2329d000 	D:\JAVA\IntelliJ IDEA 2022.2.1\jbr\bin\msvcp140.dll
0x00007ffc00bd0000 - 0x00007ffc01838000 	D:\JAVA\IntelliJ IDEA 2022.2.1\jbr\bin\server\jvm.dll
0x00007ffc62c90000 - 0x00007ffc62d3f000 	C:\WINDOWS\System32\ADVAPI32.dll
0x00007ffc63d60000 - 0x00007ffc63dfc000 	C:\WINDOWS\System32\sechost.dll
0x00007ffc63040000 - 0x00007ffc63166000 	C:\WINDOWS\System32\RPCRT4.dll
0x00007ffc63e00000 - 0x00007ffc63e08000 	C:\WINDOWS\System32\PSAPI.DLL
0x00007ffc3dd20000 - 0x00007ffc3dd29000 	C:\WINDOWS\SYSTEM32\WSOCK32.dll
0x00007ffc62e20000 - 0x00007ffc62e8b000 	C:\WINDOWS\System32\WS2_32.dll
0x00007ffc5be10000 - 0x00007ffc5be1a000 	C:\WINDOWS\SYSTEM32\VERSION.dll
0x00007ffc56100000 - 0x00007ffc56127000 	C:\WINDOWS\SYSTEM32\WINMM.dll
0x00007ffc5fdc0000 - 0x00007ffc5fdd2000 	C:\WINDOWS\SYSTEM32\kernel.appcore.dll
0x00007ffc3d5e0000 - 0x00007ffc3d5ea000 	D:\JAVA\IntelliJ IDEA 2022.2.1\jbr\bin\jimage.dll
0x00007ffc5f150000 - 0x00007ffc5f334000 	C:\WINDOWS\SYSTEM32\DBGHELP.DLL
0x00007ffc419a0000 - 0x00007ffc419d4000 	C:\WINDOWS\SYSTEM32\dbgcore.DLL
0x00007ffc61780000 - 0x00007ffc61802000 	C:\WINDOWS\System32\bcryptPrimitives.dll
0x00007ffc01e70000 - 0x00007ffc01e95000 	D:\JAVA\IntelliJ IDEA 2022.2.1\jbr\bin\java.dll
0x00007ffc091f0000 - 0x00007ffc09208000 	D:\JAVA\IntelliJ IDEA 2022.2.1\jbr\bin\zip.dll
0x00007ffc633d0000 - 0x00007ffc63b14000 	C:\WINDOWS\System32\SHELL32.dll
0x00007ffc5f5e0000 - 0x00007ffc5fd73000 	C:\WINDOWS\SYSTEM32\windows.storage.dll
0x00007ffc62930000 - 0x00007ffc62c84000 	C:\WINDOWS\System32\combase.dll
0x00007ffc60fa0000 - 0x00007ffc60fce000 	C:\WINDOWS\SYSTEM32\Wldp.dll
0x00007ffc626b0000 - 0x00007ffc6275d000 	C:\WINDOWS\System32\SHCORE.dll
0x00007ffc61f70000 - 0x00007ffc61fc5000 	C:\WINDOWS\System32\shlwapi.dll
0x00007ffc61490000 - 0x00007ffc614af000 	C:\WINDOWS\SYSTEM32\profapi.dll

dbghelp: loaded successfully - version: 4.0.5 - missing functions: none
symbol engine: initialized successfully - sym options: 0x614 - pdb path: .;D:\JAVA\IntelliJ IDEA 2022.2.1\jbr\bin;C:\WINDOWS\SYSTEM32;C:\WINDOWS\WinSxS\amd64_microsoft.windows.common-controls_6595b64144ccf1df_6.0.19041.1110_none_60b5254171f9507e;D:\JAVA\IntelliJ IDEA 2022.2.1\jbr\bin\server

VM Arguments:
java_command: git4idea.http.GitAskPassApp Password for 'https://1051727403@qq.com@gitee.com': 
java_class_path (initial): D:/JAVA/IntelliJ IDEA 2022.2.1/plugins/git4idea/lib/git4idea-rt.jar;D:/JAVA/IntelliJ IDEA 2022.2.1/lib/externalProcess-rt.jar;D:/JAVA/IntelliJ IDEA 2022.2.1/lib/app.jar;D:/JAVA/IntelliJ IDEA 2022.2.1/lib/3rd-party-rt.jar
Launcher Type: SUN_STANDARD

[Global flags]
     intx CICompilerCount                          = 12                                        {product} {ergonomic}
     uint ConcGCThreads                            = 3                                         {product} {ergonomic}
     uint G1ConcRefinementThreads                  = 13                                        {product} {ergonomic}
   size_t G1HeapRegionSize                         = 2097152                                   {product} {ergonomic}
    uintx GCDrainStackTargetSize                   = 64                                        {product} {ergonomic}
   size_t InitialHeapSize                          = 257949696                                 {product} {ergonomic}
   size_t MarkStackSize                            = 4194304                                   {product} {ergonomic}
   size_t MaxHeapSize                              = 4127195136                                {product} {ergonomic}
   size_t MaxNewSize                               = 2474639360                                {product} {ergonomic}
   size_t MinHeapDeltaBytes                        = 2097152                                   {product} {ergonomic}
   size_t MinHeapSize                              = 8388608                                   {product} {ergonomic}
    uintx NonNMethodCodeHeapSize                   = 7602480                                {pd product} {ergonomic}
    uintx NonProfiledCodeHeapSize                  = 122027880                              {pd product} {ergonomic}
    uintx ProfiledCodeHeapSize                     = 122027880                              {pd product} {ergonomic}
    uintx ReservedCodeCacheSize                    = 251658240                              {pd product} {ergonomic}
     bool SegmentedCodeCache                       = true                                      {product} {ergonomic}
   size_t SoftMaxHeapSize                          = 4127195136                             {manageable} {ergonomic}
     bool UseCompressedClassPointers               = true                           {product lp64_product} {ergonomic}
     bool UseCompressedOops                        = true                           {product lp64_product} {ergonomic}
     bool UseG1GC                                  = true                                      {product} {ergonomic}
     bool UseLargePagesIndividualAllocation        = false                                  {pd product} {ergonomic}

Logging:
Log output configuration:
 #0: stdout all=warning uptime,level,tags
 #1: stderr all=off uptime,level,tags

Environment Variables:
PATH=D:\Program Files\Git\mingw64\libexec\git-core;D:\Program Files\Git\mingw64\libexec\git-core;D:\Program Files\Git\mingw64\bin;D:\Program Files\Git\usr\bin;C:\Users\lv\bin;D:\chrome_driver;C:\Program Files\NVIDIA GPU Computing Toolkit\CUDA\v11.8\bin;C:\Program Files\NVIDIA GPU Computing Toolkit\CUDA\v11.8\libnvvp;D:\VMWARE\bin;C:\Program Files\Java\jdk-11.0.6\bin;C:\Python310\Scripts;C:\Python310;C:\Program Files (x86)\Common Files\Oracle\Java\javapath;C:\ProgramData\Oracle\Java\javapath;C:\Windows\system32;C:\Windows;C:\Windows\System32\Wbem;C:\Windows\System32\WindowsPowerShell\v1.0;C:\Windows\System32\OpenSSH;C:\Program Files\NVIDIA Corporation\NVIDIA NvDLISR;D:\互传\EasyShare\x86;D;D:\互传\EasyShare\x64;%;ystemRoot%\system32;C:\WINDOWS;C:\WINDOWS\System32\Wbem;C:\WINDOWS\System32\WindowsPowerShell\v1.0;C:\WINDOWS\System32\OpenSSH;D:\Quartus\quartus\bin;D:\Quartus\quartus\win;%QESS_ROOTDIR%\bin;C:\ProgramData\chocolatey\bin;C:\Program Files\nodejs;D:\Program Files\Git\cmd;D:\计算机编程\微信小程序\微信web开发者工具\dll;C:\Program Files\Common Files\Oracle\Java\javapath;D:\计算机编程\Gvim\gVimPortable;C:\Program Files (x86)\Tencent\QQ\Bin;D:\计算机编程\vs软件（c++）\Common7\IDE;E:\steam;E:\lol\英雄联盟\TCLS;E:\baidunetdisk\BaiduNetdisk;C:\Users\吕定巍\AppData\Local\QuickQ;D:\软件\Snipaste-2.3.5-Beta-x64;E:\steam\steamapps\common\wallpaper_engine;E:\steam\steamapps\common\7 Days To Die;C:\Program Files\Mozilla Firefox;D:\计算机编程\Python\Scripts;D:\计算机编程\Python;D:\计算机编程\前端\vs code软件\Microsoft VS Code\bin;C:\Users\吕定巍\AppData\Local\Microsoft\WindowsApps;D:\计算机编程\Typora;D:\计算机编程\Python\pycharm\PyCharm Community Edition 2021.2.2\bin;C:\Users\吕定巍\AppData\Local\Programs\Fiddler;C:\Users\吕定巍\AppData\Roaming\npm;D:\计算机编程\MinGW Developer Studio\MinGWStudio\MinGW\bin;D:\软件\Notepad++;C:\Program Files (x86)\NVIDIA Corporation\PhysX\Common;C:\Program Files\MySQL\MySQL Server 8.0\bin;C:\Program Files\dotnet;C:\Program Files\NVIDIA Corpora
USERNAME=吕定巍
DISPLAY=:0.0
LC_ALL=en_US.UTF-8
OS=Windows_NT
PROCESSOR_IDENTIFIER=AMD64 Family 23 Model 96 Stepping 1, AuthenticAMD



---------------  S Y S T E M  ---------------

OS:
 Windows 10 , 64 bit Build 19041 (10.0.19041.3031)
OS uptime: 10 days 10:08 hours

CPU: total 16 (initial active 16) (16 cores per cpu, 2 threads per core) family 23 model 96 stepping 1 microcode 0x0, cx8, cmov, fxsr, ht, mmx, 3dnowpref, sse, sse2, sse3, ssse3, sse4a, sse4.1, sse4.2, popcnt, lzcnt, tsc, tscinvbit, avx, avx2, aes, clmul, bmi1, bmi2, adx, sha, fma, vzeroupper, clflush, clflushopt

Memory: 4k page, system-wide physical 15741M (3579M free)
TotalPageFile size 36221M (AvailPageFile size 4M)
current process WorkingSet (physical memory assigned to process): 29M, peak: 29M
current process commit charge ("private bytes"): 334M, peak: 334M

vm_info: OpenJDK 64-Bit Server VM (17.0.3+7-b469.37) for windows-amd64 JRE (17.0.3+7-b469.37), built on 2022-08-01 by "builduser" with MS VC++ 16.10 / 16.11 (VS2019)

END.
